c:\users\etudiant1\documents\localrepository\musicreader\winformcplusplus\debug\vc143.pdb
c:\users\etudiant1\documents\localrepository\musicreader\winformcplusplus\debug\.netframework,version=v4.7.2.assemblyattributes.obj
c:\users\etudiant1\documents\localrepository\musicreader\winformcplusplus\debug\wavreader.obj
c:\users\etudiant1\documents\localrepository\musicreader\winformcplusplus\debug\player.obj
c:\users\etudiant1\documents\localrepository\musicreader\winformcplusplus\debug\oggreader.obj
c:\users\etudiant1\documents\localrepository\musicreader\winformcplusplus\debug\myform.obj
c:\users\etudiant1\documents\localrepository\musicreader\winformcplusplus\debug\loadoal.obj
c:\users\etudiant1\documents\localrepository\musicreader\winformcplusplus\debug\framework.obj
c:\users\etudiant1\documents\localrepository\musicreader\winformcplusplus\debug\cwaves.obj
c:\users\etudiant1\documents\localrepository\musicreader\winformcplusplus\debug\aldlist.obj
c:\users\etudiant1\documents\localrepository\musicreader\debug\winformcplusplus.exe
c:\users\etudiant1\documents\localrepository\musicreader\debug\winformcplusplus.pdb
c:\users\etudiant1\documents\localrepository\musicreader\winformcplusplus\debug\winformcplusplus.tlog\cl.command.1.tlog
c:\users\etudiant1\documents\localrepository\musicreader\winformcplusplus\debug\winformcplusplus.tlog\cl.items.tlog
c:\users\etudiant1\documents\localrepository\musicreader\winformcplusplus\debug\winformcplusplus.tlog\cl.read.1.tlog
c:\users\etudiant1\documents\localrepository\musicreader\winformcplusplus\debug\winformcplusplus.tlog\cl.write.1.tlog
c:\users\etudiant1\documents\localrepository\musicreader\winformcplusplus\debug\winformcplusplus.tlog\link.command.1.tlog
c:\users\etudiant1\documents\localrepository\musicreader\winformcplusplus\debug\winformcplusplus.tlog\link.read.1.tlog
c:\users\etudiant1\documents\localrepository\musicreader\winformcplusplus\debug\winformcplusplus.tlog\link.secondary.1.tlog
c:\users\etudiant1\documents\localrepository\musicreader\winformcplusplus\debug\winformcplusplus.tlog\link.write.1.tlog
c:\users\etudiant1\documents\localrepository\musicreader\winformcplusplus\debug\winformcplusplus.tlog\metagen.read.1.tlog
c:\users\etudiant1\documents\localrepository\musicreader\winformcplusplus\debug\winformcplusplus.tlog\metagen.write.1.tlog
c:\users\etudiant1\documents\localrepository\musicreader\winformcplusplus\debug\winformcplusplus.tlog\resgen.command.1.tlog
c:\users\etudiant1\documents\localrepository\musicreader\winformcplusplus\debug\winformcplusplus.tlog\resgen.read.1.tlog
c:\users\etudiant1\documents\localrepository\musicreader\winformcplusplus\debug\winformcplusplus.tlog\resgen.write.1.tlog
