  aldlist.cpp
  CWaves.cpp
C:\Users\Etudiant1\Documents\LocalRepository\MusicReader\WinformCplusplus\framework\Win32\LoadOAL.h(1,10): error C1083: Cannot open include file: 'al.h': No such file or directory
  (compiling source file 'framework/Win32/aldlist.cpp')
  
  Framework.cpp
C:\Users\Etudiant1\Documents\LocalRepository\MusicReader\WinformCplusplus\framework\Win32\Framework.h(10,9): error C1083: Cannot open include file: 'al.h': No such file or directory
  (compiling source file 'framework/Win32/Framework.cpp')
  
  LoadOAL.cpp
C:\Users\Etudiant1\Documents\LocalRepository\MusicReader\WinformCplusplus\framework\Win32\LoadOAL.h(1,10): error C1083: Cannot open include file: 'al.h': No such file or directory
  (compiling source file 'framework/Win32/LoadOAL.cpp')
  
  MyForm.cpp
  OGGReader.cpp
C:\Users\Etudiant1\Documents\LocalRepository\MusicReader\WinformCplusplus\OGGReader.h(3,10): error C1083: Cannot open include file: 'Framework.h': No such file or directory
  (compiling source file 'OGGReader.cpp')
  
  Player.cpp
C:\Users\Etudiant1\Documents\LocalRepository\MusicReader\WinformCplusplus\Player.cpp(2,9): error C1083: Cannot open include file: 'Framework.h': No such file or directory
  WAVReader.cpp
C:\Users\Etudiant1\Documents\LocalRepository\MusicReader\WinformCplusplus\WAVReader.h(2,9): error C1083: Cannot open include file: 'Framework.h': No such file or directory
  (compiling source file 'WAVReader.cpp')
  
  .NETFramework,Version=v4.7.2.AssemblyAttributes.cpp
  Generating Code...
